WARNING : Using CLI version 2.38.2 but project's `requirements.txt`
WARNING : is configured to use 2.17.0. Consider either installing
WARNING : CLI version 2.17.0 or running `pretext update`
WARNING : to update `requirements.txt` and other managed files to match 2.38.2.
INFO    : Staging deployment according to strategy static
INFO    : Staging `web` at `/workspaces/M2forall/output/stage`.
WARNING : No build for `print` was found in the directory `/workspaces/M2forall/output/print`.Try running `pretext build print` to build this component first.
INFO    : Skipping this target for now.
WARNING : No build for `latex` was found in the directory `/workspaces/M2forall/output/latex`.Try running `pretext build latex` to build this component first.
INFO    : Skipping this target for now.
INFO    : Staging custom static site located in `/workspaces/M2forall/site` at `/workspaces/M2forall/output/stage`.
INFO    : Deployment is now staged at `/workspaces/M2forall/output/stage`.
INFO    : Preparing to deploy from active `main` git branch.

INFO    : Changes to project source since last commit detected.
WARNING : Don't forget to either add and commit the changes to your source with git, or run `pretext deploy -u` to have these changes updated automatically.
WARNING : Just deploying your built project will not save changes to your source on GitHub.`
INFO    : Committing your latest build to the `gh-pages` branch.
INFO    : 
INFO    : Attempting to connect to remote repository at `https://github.com/fragandi/M2forall`...
INFO    : 
INFO    : 
INFO    : Latest build successfully pushed to GitHub!

INFO    : 
INFO    : To enable GitHub Pages, visit
INFO    :     https://github.com/fragandi/M2forall/settings/pages
INFO    : selecting the `gh-pages` branch with the `/ (root)` folder.

INFO    : Visit
INFO    :     https://github.com/fragandi/M2forall/actions/
INFO    : to check on the status of your GitHub Pages deployment.

INFO    : Your built project will soon be available to the public at:
INFO    :     https://fragandi.github.io/M2forall/
INFO    : 
