WARNING : Using CLI version 2.38.2 but project's `requirements.txt`
WARNING : is configured to use 2.17.0. Consider either installing
WARNING : CLI version 2.17.0 or running `pretext update`
WARNING : to update `requirements.txt` and other managed files to match 2.38.2.
INFO    : Since no target was supplied, we will use "web".

INFO    : Building target web
INFO    : XSL conversion of /workspaces/M2forall/source/main.ptx by /home/codespace/.ptx/2.38.2/core/xsl/utilities/pretext-enhanced-source.xsl
INFO    : successful application of /home/codespace/.ptx/2.38.2/core/xsl/utilities/pretext-enhanced-source.xsl
INFO    : Generating any needed assets.
INFO    : Finished generating assets.

INFO    : Preparing to build into /workspaces/M2forall/output/web.
INFO    : discovering source file's directory name: /workspaces/M2forall/source
INFO    : verifying and expanding input directory: /workspaces/M2forall/source/../generated-assets
INFO    : input directory expanded to absolute path: /workspaces/M2forall/generated-assets
INFO    : verifying and expanding input directory: /workspaces/M2forall/source/../assets
INFO    : input directory expanded to absolute path: /workspaces/M2forall/assets
INFO    : discovering source file's directory name: /workspaces/M2forall/source
INFO    : XSL conversion of /workspaces/M2forall/source/main.ptx by /home/codespace/.ptx/2.38.2/core/xsl/utilities/report-publisher-variables.xsl
INFO    : successful application of /home/codespace/.ptx/2.38.2/core/xsl/utilities/report-publisher-variables.xsl
INFO    : Downloading rs services file from https://runestone.academy/cdn/runestone/latest/webpack_static_imports.xml.
INFO    : Runestone Services via online CDN query: version 7.13.5
INFO    : Downloading Runestone Services, version 7.13.5
INFO    : Extracting Runestone Services from archive file
INFO    : Building custom css theme: theme-denver
INFO    : converting /workspaces/M2forall/source/main.ptx to HTML in /tmp/ptx-vz4b6f6f
INFO    : XSL conversion of /workspaces/M2forall/source/main.ptx by /home/codespace/.ptx/2.38.2/core/xsl/pretext-html.xsl
INFO    : messages from the log for XSL processing:
INFO    : * PTX:INFO:   checking all deprecated elements.
WARNING : * PTX:DEPRECATE: (2016-05-23) <br> can no longer be used to create multiline output; you may use <line> elements in select situations (5 times)
INFO    : *              located within: "sec-m2-codespace" (xml:id), "Creating a M2 Codespace" (title)
INFO    : *              located within: "sec-m2-codespace" (xml:id), "Creating a M2 Codespace" (title)
INFO    : *              located within: "sec-m2-codespace" (xml:id), "Creating a M2 Codespace" (title)
INFO    : *              located within: "sec-m2-codespace" (xml:id), "Creating a M2 Codespace" (title)
INFO    : *              located within: "sec-m2-codespace" (xml:id), "Creating a M2 Codespace" (title)
INFO    : * --------------
INFO    : successful application of /home/codespace/.ptx/2.38.2/core/xsl/pretext-html.xsl
INFO    : Removing temporary directory /tmp/ptx-vz4b6f6f
INFO    : Removing temporary directory /tmp/ptx-ekfneuwg
INFO    : 
Finished build for target web. Run `pretext view web` to see the results.

INFO    : 
Success!  Built requested target(s) without errors.

INFO    : 
