WARNING : Using CLI version 2.38.2 but project's `requirements.txt`
WARNING : is configured to use 2.17.0. Consider either installing
WARNING : CLI version 2.17.0 or running `pretext update`
WARNING : to update `requirements.txt` and other managed files to match 2.38.2.
INFO    : Building target web
INFO    : XSL conversion of /workspaces/M2forall/source/main.ptx by /home/codespace/.ptx/2.38.2/core/xsl/utilities/pretext-enhanced-source.xsl
INFO    : successful application of /home/codespace/.ptx/2.38.2/core/xsl/utilities/pretext-enhanced-source.xsl
INFO    : Generating any needed assets.
INFO    : Finished generating assets.

INFO    : Preparing to build into /workspaces/M2forall/output/web.
INFO    : discovering source file's directory name: /workspaces/M2forall/source
INFO    : verifying and expanding input directory: /workspaces/M2forall/source/../generated-assets
INFO    : input directory expanded to absolute path: /workspaces/M2forall/generated-assets
INFO    : verifying and expanding input directory: /workspaces/M2forall/source/../assets
INFO    : input directory expanded to absolute path: /workspaces/M2forall/assets
INFO    : discovering source file's directory name: /workspaces/M2forall/source
INFO    : XSL conversion of /workspaces/M2forall/source/main.ptx by /home/codespace/.ptx/2.38.2/core/xsl/utilities/report-publisher-variables.xsl
INFO    : successful application of /home/codespace/.ptx/2.38.2/core/xsl/utilities/report-publisher-variables.xsl
INFO    : Downloading rs services file from https://runestone.academy/cdn/runestone/latest/webpack_static_imports.xml.
INFO    : Runestone Services via online CDN query: version 7.13.5
INFO    : Downloading Runestone Services, version 7.13.5
INFO    : Extracting Runestone Services from archive file
INFO    : Building custom css theme: theme-denver
INFO    : converting /workspaces/M2forall/source/main.ptx to HTML in /tmp/ptx-sg__9ae9
INFO    : XSL conversion of /workspaces/M2forall/source/main.ptx by /home/codespace/.ptx/2.38.2/core/xsl/pretext-html.xsl
INFO    : messages from the log for XSL processing:
INFO    : * PTX:INFO:   checking all deprecated elements.
WARNING : * PTX:DEPRECATE: (2016-05-23) <br> can no longer be used to create multiline output; you may use <line> elements in select situations (5 times)
INFO    : *              located within: "sec-m2-codespace" (xml:id), "Creating a M2 Codespace" (title)
INFO    : *              located within: "sec-m2-codespace" (xml:id), "Creating a M2 Codespace" (title)
INFO    : *              located within: "sec-m2-codespace" (xml:id), "Creating a M2 Codespace" (title)
INFO    : *              located within: "sec-m2-codespace" (xml:id), "Creating a M2 Codespace" (title)
INFO    : *              located within: "sec-m2-codespace" (xml:id), "Creating a M2 Codespace" (title)
INFO    : * --------------
WARNING : * PTX:DEPRECATE: (2024-10-08) elements previously included in a "titlepage" element inside the "frontmatter" (author, editor, credit, date, and event) should now be placed in "frontmatter/bibinfo".  To ensure a title page is created, put only the empty element "titlepage-items" inside "titlepage".  Until you move these elements, we will try to honor your intent. (1 time)
INFO    : *              located within: "frontmatter" (xml:id)
INFO    : * --------------
WARNING : * PTX:DEPRECATE: (2024-10-08) elements previously included in a "colophon" element inside the "frontmatter" (credit, copyright, edition, and website) should now be placed in "frontmatter/bibinfo". To produce a "colophon", include only the empty element "colophon-items" inside "colophon" Until you move these elements, we will try to honor your intent. (1 time)
INFO    : *              located within: "colophon" (xml:id)
INFO    : * --------------
WARNING : * PTX:DEPRECATE: (2024-11-19) program/input now should be program/code. An automatic correction will be attempted. (9 times)
INFO    : *              located within: "listing-python-fib" (xml:id)
INFO    : *              located within: "listing-ruby-fib" (xml:id)
INFO    : *              located within: "listing-javascript-fib" (xml:id)
INFO    : *              located within: "sec-upload-html" (xml:id), "Creating a Simple Webpage" (title)
INFO    : *              located within: "about-page-metadata" (xml:id)
INFO    : *              located within: "post-metadata" (xml:id)
INFO    : *              located within: "lst-branch-fix-1" (xml:id)
INFO    : *              located within: "lst-branch-fix-2" (xml:id)
INFO    : *              located within: "listing-merge-conflict" (xml:id)
INFO    : * --------------
WARNING : * PTX:WARNING:    An <xref> wants to build text using a number to identify the target, but the target (which has @xml:id "frontmatter") does not have a number. You could try 'text="title"' or 'text="custom"' on the "xref".
INFO    : *              located within: "ch-manim" (xml:id), "Manim" (title)
INFO    : successful application of /home/codespace/.ptx/2.38.2/core/xsl/pretext-html.xsl
INFO    : Removing temporary directory /tmp/ptx-sg__9ae9
INFO    : Removing temporary directory /tmp/ptx-ig65_sgd
INFO    : 
Finished build for target web. Run `pretext view web` to see the results.

INFO    : 
Success!  Built requested target(s) without errors.

INFO    : 
